<?xml version="1.0" encoding="UTF-8"?>
<testsuite xmlns:xsi="http://www.w3.org/2001/XMLSchema-instance" xsi:noNamespaceSchemaLocation="https://maven.apache.org/surefire/maven-surefire-plugin/xsd/surefire-test-report-3.0.xsd" version="3.0" name="net.seb.spring.sebpetclinic.SebPetClinicApplicationTests" time="16.885" tests="1" errors="0" skipped="0" failures="0">
  <properties>
[...]
</properties>
  <testcase name="contextLoads" classname="net.seb.spring.sebpetclinic.SebPetClinicApplicationTests" time="0.053">
    <system-out><![CDATA[02:58:18.431 [main] DEBUG org.springframework.test.context.BootstrapUtils - Instantiating CacheAwareContextLoaderDelegate from class [org.springframework.test.context.cache.DefaultCacheAwareContextLoaderDelegate]
02:58:18.435 [main] DEBUG org.springframework.test.context.BootstrapUtils - Instantiating BootstrapContext using constructor [public org.springframework.test.context.support.DefaultBootstrapContext(java.lang.Class,org.springframework.test.context.CacheAwareContextLoaderDelegate)]
02:58:18.455 [main] DEBUG org.springframework.test.context.BootstrapUtils - Instantiating TestContextBootstrapper for test class [net.seb.spring.sebpetclinic.SebPetClinicApplicationTests] from class [org.springframework.boot.test.context.SpringBootTestContextBootstrapper]
02:58:18.483 [main] INFO org.springframework.boot.test.context.SpringBootTestContextBootstrapper - Neither @ContextConfiguration nor @ContextHierarchy found for test class [net.seb.spring.sebpetclinic.SebPetClinicApplicationTests], using SpringBootContextLoader
02:58:18.485 [main] DEBUG org.springframework.test.context.support.AbstractContextLoader - Did not detect default resource location for test class [net.seb.spring.sebpetclinic.SebPetClinicApplicationTests]: class path resource [net/seb/spring/sebpetclinic/SebPetClinicApplicationTests-context.xml] does not exist
02:58:18.486 [main] DEBUG org.springframework.test.context.support.AbstractContextLoader - Did not detect default resource location for test class [net.seb.spring.sebpetclinic.SebPetClinicApplicationTests]: class path resource [net/seb/spring/sebpetclinic/SebPetClinicApplicationTestsContext.groovy] does not exist
02:58:18.489 [main] INFO org.springframework.test.context.support.AbstractContextLoader - Could not detect default resource locations for test class [net.seb.spring.sebpetclinic.SebPetClinicApplicationTests]: no resource found for suffixes {-context.xml, Context.groovy}.
02:58:18.492 [main] INFO org.springframework.test.context.support.AnnotationConfigContextLoaderUtils - Could not detect default configuration classes for test class [net.seb.spring.sebpetclinic.SebPetClinicApplicationTests]: SebPetClinicApplicationTests does not declare any static, non-private, non-final, nested classes annotated with @Configuration.
02:58:18.556 [main] DEBUG org.springframework.test.context.support.ActiveProfilesUtils - Could not find an 'annotation declaring class' for annotation type [org.springframework.test.context.ActiveProfiles] and class [net.seb.spring.sebpetclinic.SebPetClinicApplicationTests]
02:58:18.674 [main] DEBUG org.springframework.context.annotation.ClassPathScanningCandidateComponentProvider - Identified candidate component class: file [C:\Users\sabax\Desktop\Git\Projects\Spring 5 Guru\My pet clinic\seb-pet-clinic\pet-clinic-web\target\classes\net\seb\spring\sebpetclinic\SebPetClinicApplication.class]
02:58:18.676 [main] INFO org.springframework.boot.test.context.SpringBootTestContextBootstrapper - Found @SpringBootConfiguration net.seb.spring.sebpetclinic.SebPetClinicApplication for test class net.seb.spring.sebpetclinic.SebPetClinicApplicationTests
02:58:18.752 [main] DEBUG org.springframework.boot.test.context.SpringBootTestContextBootstrapper - @TestExecutionListeners is not present for class [net.seb.spring.sebpetclinic.SebPetClinicApplicationTests]: using defaults.
02:58:18.753 [main] INFO org.springframework.boot.test.context.SpringBootTestContextBootstrapper - Loaded default TestExecutionListener class names from location [META-INF/spring.factories]: [org.springframework.boot.test.mock.mockito.MockitoTestExecutionListener, org.springframework.boot.test.mock.mockito.ResetMocksTestExecutionListener, org.springframework.boot.test.autoconfigure.restdocs.RestDocsTestExecutionListener, org.springframework.boot.test.autoconfigure.web.client.MockRestServiceServerResetTestExecutionListener, org.springframework.boot.test.autoconfigure.web.servlet.MockMvcPrintOnlyOnFailureTestExecutionListener, org.springframework.boot.test.autoconfigure.web.servlet.WebDriverTestExecutionListener, org.springframework.boot.test.autoconfigure.webservices.client.MockWebServiceServerTestExecutionListener, org.springframework.test.context.web.ServletTestExecutionListener, org.springframework.test.context.support.DirtiesContextBeforeModesTestExecutionListener, org.springframework.test.context.event.ApplicationEventsTestExecutionListener, org.springframework.test.context.support.DependencyInjectionTestExecutionListener, org.springframework.test.context.support.DirtiesContextTestExecutionListener, org.springframework.test.context.transaction.TransactionalTestExecutionListener, org.springframework.test.context.jdbc.SqlScriptsTestExecutionListener, org.springframework.test.context.event.EventPublishingTestExecutionListener]
02:58:18.800 [main] INFO org.springframework.boot.test.context.SpringBootTestContextBootstrapper - Using TestExecutionListeners: [org.springframework.test.context.web.ServletTestExecutionListener@bfec2f9, org.springframework.test.context.support.DirtiesContextBeforeModesTestExecutionListener@708eb310, org.springframework.test.context.event.ApplicationEventsTestExecutionListener@6ebc9573, org.springframework.boot.test.mock.mockito.MockitoTestExecutionListener@1e977098, org.springframework.boot.test.autoconfigure.SpringBootDependencyInjectionTestExecutionListener@630390b9, org.springframework.test.context.support.DirtiesContextTestExecutionListener@6690b9fa, org.springframework.test.context.transaction.TransactionalTestExecutionListener@6c8dbf56, org.springframework.test.context.jdbc.SqlScriptsTestExecutionListener@493b01ef, org.springframework.test.context.event.EventPublishingTestExecutionListener@36c2d629, org.springframework.boot.test.mock.mockito.ResetMocksTestExecutionListener@55fee662, org.springframework.boot.test.autoconfigure.restdocs.RestDocsTestExecutionListener@54089484, org.springframework.boot.test.autoconfigure.web.client.MockRestServiceServerResetTestExecutionListener@45adc393, org.springframework.boot.test.autoconfigure.web.servlet.MockMvcPrintOnlyOnFailureTestExecutionListener@65fe2691, org.springframework.boot.test.autoconfigure.web.servlet.WebDriverTestExecutionListener@479111ba, org.springframework.boot.test.autoconfigure.webservices.client.MockWebServiceServerTestExecutionListener@57ad1178]
02:58:18.807 [main] DEBUG org.springframework.test.context.support.AbstractDirtiesContextTestExecutionListener - Before test class: context [DefaultTestContext@1e692555 testClass = SebPetClinicApplicationTests, testInstance = [null], testMethod = [null], testException = [null], mergedContextConfiguration = [WebMergedContextConfiguration@3ba0ae41 testClass = SebPetClinicApplicationTests, locations = '{}', classes = '{class net.seb.spring.sebpetclinic.SebPetClinicApplication}', contextInitializerClasses = '[]', activeProfiles = '{}', propertySourceLocations = '{}', propertySourceProperties = '{org.springframework.boot.test.context.SpringBootTestContextBootstrapper=true}', contextCustomizers = set[org.springframework.boot.test.context.filter.ExcludeFilterContextCustomizer@7426a448, org.springframework.boot.test.json.DuplicateJsonObjectContextCustomizerFactory$DuplicateJsonObjectContextCustomizer@2dfb885e, org.springframework.boot.test.mock.mockito.MockitoContextCustomizer@0, org.springframework.boot.test.web.client.TestRestTemplateContextCustomizer@2bfb583b, org.springframework.boot.test.autoconfigure.actuate.metrics.MetricsExportContextCustomizerFactory$DisableMetricExportContextCustomizer@6aa3bfc, org.springframework.boot.test.autoconfigure.properties.PropertyMappingContextCustomizer@0, org.springframework.boot.test.autoconfigure.web.servlet.WebDriverContextCustomizerFactory$Customizer@1fc713c9, org.springframework.boot.test.context.SpringBootTestArgs@1, org.springframework.boot.test.context.SpringBootTestWebEnvironment@6913c1fb], resourceBasePath = 'src/main/webapp', contextLoader = 'org.springframework.boot.test.context.SpringBootContextLoader', parent = [null]], attributes = map['org.springframework.test.context.web.ServletTestExecutionListener.activateListener' -> true]], class annotated with @DirtiesContext [false] with mode [null].
02:58:18.867 [main] DEBUG org.springframework.test.context.support.TestPropertySourceUtils - Adding inlined properties to environment: {spring.jmx.enabled=false, org.springframework.boot.test.context.SpringBootTestContextBootstrapper=true}


                                                                              
                                                                              
                                                                              
                                                                              
          @@@@@@@@@@@@        o@@@@@@@@@@@#                                   
       @@              @@@          *@@@@@@@ @@@@@@      @@@@    @@@@@@       
       @             @   @@@@@8      #@8  8o    @@@@@@@@@            @@@@     
       @@  @        @@ @@       @@@@@@   @@@  @      @@                @@     
        @   @@@    @    @@@ :@@@       @     @ o@@     @      @@@      @      
         @@  @@@@@    #  @@@      o@@@@ @@@&      @  @#   @  @@@@@    @       
           @@@@@@      @ @  @@@@@@@@@@        :@@@      #  @@@@@@@: @         
            @@  @      @@  @@       & o @          @   @@@   @ @@# @          
             @@:     @@@      @@@@  *   @@        @     @@@@ o    @           
            .@    * @@@    @@@@    @   @@@@@   @@@@      @@@  @   :@          
           @  @@@ @@@@@    @     @  @@   @.@    @       @@@@@  @#   :@        
         @ @@@   @@  @  @@@@     @@@@     @ @   @@ @@@@  @@     @@     @      
       @  @@@   @@   @@     @@  @     .  @ : @@ @@       @@8     &@    @      
     @.  :@@@  @@   @@    .@@   @     .    :     @@*@@   @@@  @@  @@    @     
    @.   @@@@ 8@@   @@@  @@ @@              @    @@ o   @@  @ @@@ *@ @        
   @@    @@@@ @@@     *@@  @@@@@            @ @@@@@# @*   @@: @@@  @  @@ @    
   @     @@@@  @@  @@         @@             @@.@  @  .@@@@   @@@  @@ &@@ @   
   @    @@@@   @@   @@@@      @             @@  @  @@@        @@@  @@  @@  @  
   @    @@@@    @*     .@@                   @    @  @        @@   @@  @@  @@ 
   .    @@@@     @@                           @    @  @@     @@@   @@  @@&  @ 
   o     @@@      @@@@@@  @                    @.  &8     @@@@@    @@  @@@  @@
   @  @   @@@  @@@@@@:   @                      @    @@@8  @@@    @@@ @@@@  @@
   @  @@@  @@@@    @   @                              @@@@@@@   o@@@  @@@   @ 
   @  @@@  @@@@@@   @ @@@@     @                  @      @@@ #@@@@8  @@@@  @  
   @@  @@   @@@@@   @@@  @ @   @             @   @@# @   @@@@@      @@@@@ @   
    @  @@@:  @@@@@@ @@   @@     @@#@     @@@@        @  @@@ *@@@@@@  @@@8     
     @  @@@@ @@   @@@ @  @  @@    @@      @@     @@@@   @@@@         @@@      
         @@@   @   @      @@@@      @   @@         .@  @@@@@    *    @@   :   
     .   @@     .      @@            @@@    @@@@&  @@@@@o           @@        
          o@          &@@@            @            @@@@@@@         .          
            @            @@@@ @@@@.:    @    @@@@@@@.     @                   
                            @@@                                               
                                                                              
                                            @                                 
                               @           @@                                 
                                @@   @   @@@@                                 
                                  @@@@@@@@@                                   
                                     *@@                                      

2021-11-08 02:58:21.670  INFO 33092 --- [           main] n.s.s.s.SebPetClinicApplicationTests     : Starting SebPetClinicApplicationTests using Java 11.0.12 on DESKTOP-LUHC4B3 with PID 33092 (started by sabax in C:\Users\sabax\Desktop\Git\Projects\Spring 5 Guru\My pet clinic\seb-pet-clinic\pet-clinic-web)
2021-11-08 02:58:21.672  INFO 33092 --- [           main] n.s.s.s.SebPetClinicApplicationTests     : The following profiles are active: springdatajpa
2021-11-08 02:58:24.083  INFO 33092 --- [           main] .s.d.r.c.RepositoryConfigurationDelegate : Bootstrapping Spring Data JPA repositories in DEFAULT mode.
2021-11-08 02:58:24.274  INFO 33092 --- [           main] .s.d.r.c.RepositoryConfigurationDelegate : Finished Spring Data repository scanning in 169 ms. Found 6 JPA repository interfaces.
2021-11-08 02:58:25.937  INFO 33092 --- [           main] com.zaxxer.hikari.HikariDataSource       : HikariPool-1 - Starting...
2021-11-08 02:58:26.590  INFO 33092 --- [           main] com.zaxxer.hikari.HikariDataSource       : HikariPool-1 - Start completed.
2021-11-08 02:58:26.850  INFO 33092 --- [           main] o.hibernate.jpa.internal.util.LogHelper  : HHH000204: Processing PersistenceUnitInfo [name: default]
2021-11-08 02:58:27.037  INFO 33092 --- [           main] org.hibernate.Version                    : HHH000412: Hibernate ORM core version 5.4.32.Final
2021-11-08 02:58:27.175  INFO 33092 --- [           main] o.hibernate.annotations.common.Version   : HCANN000001: Hibernate Commons Annotations {5.1.2.Final}
2021-11-08 02:58:27.765  INFO 33092 --- [           main] org.hibernate.dialect.Dialect            : HHH000400: Using dialect: org.hibernate.dialect.H2Dialect
2021-11-08 02:58:29.509  INFO 33092 --- [           main] o.h.e.t.j.p.i.JtaPlatformInitiator       : HHH000490: Using JtaPlatform implementation: [org.hibernate.engine.transaction.jta.platform.internal.NoJtaPlatform]
2021-11-08 02:58:29.537  INFO 33092 --- [           main] j.LocalContainerEntityManagerFactoryBean : Initialized JPA EntityManagerFactory for persistence unit 'default'
2021-11-08 02:58:30.985  WARN 33092 --- [           main] JpaBaseConfiguration$JpaWebConfiguration : spring.jpa.open-in-view is enabled by default. Therefore, database queries may be performed during view rendering. Explicitly configure spring.jpa.open-in-view to disable this warning
2021-11-08 02:58:31.803  INFO 33092 --- [           main] o.s.b.a.w.s.WelcomePageHandlerMapping    : Adding welcome page template: index
2021-11-08 02:58:34.514  INFO 33092 --- [           main] o.s.b.a.e.web.EndpointLinksResolver      : Exposing 1 endpoint(s) beneath base path '/actuator'
2021-11-08 02:58:34.632  INFO 33092 --- [           main] n.s.s.s.SebPetClinicApplicationTests     : Started SebPetClinicApplicationTests in 15.756 seconds (JVM running for 22.894)
Loaded owners...
Loaded vets......
]]></system-out>
  </testcase>
</testsuite>